[2025-08-22 22:41:27,623: ERROR/MainProcess] beat: Connection error: Error 10061 connecting to localhost:6379. No connection could be made because the target machine actively refused it.. Trying again in 2.0 seconds...
[2025-08-22 22:41:33,907: ERROR/MainProcess] beat: Connection error: Error 10061 connecting to localhost:6379. No connection could be made because the target machine actively refused it.. Trying again in 4.0 seconds...
[2025-08-22 22:41:41,926: ERROR/MainProcess] beat: Connection error: Error 10061 connecting to localhost:6379. No connection could be made because the target machine actively refused it.. Trying again in 6.0 seconds...
[2025-08-22 22:41:51,978: ERROR/MainProcess] beat: Connection error: Error 10061 connecting to localhost:6379. No connection could be made because the target machine actively refused it.. Trying again in 8.0 seconds...
[2025-08-22 22:42:04,030: ERROR/MainProcess] beat: Connection error: Error 10061 connecting to localhost:6379. No connection could be made because the target machine actively refused it.. Trying again in 10.0 seconds...
[2025-08-22 22:42:18,088: ERROR/MainProcess] beat: Connection error: Error 10061 connecting to localhost:6379. No connection could be made because the target machine actively refused it.. Trying again in 12.0 seconds...
[2025-08-22 22:42:34,143: ERROR/MainProcess] beat: Connection error: Error 10061 connecting to localhost:6379. No connection could be made because the target machine actively refused it.. Trying again in 14.0 seconds...
[2025-08-22 22:42:52,200: ERROR/MainProcess] beat: Connection error: Error 10061 connecting to localhost:6379. No connection could be made because the target machine actively refused it.. Trying again in 16.0 seconds...
[2025-08-22 22:43:12,216: ERROR/MainProcess] beat: Connection error: Error 10061 connecting to localhost:6379. No connection could be made because the target machine actively refused it.. Trying again in 18.0 seconds...
[2025-08-22 22:43:34,275: ERROR/MainProcess] beat: Connection error: Error 10061 connecting to localhost:6379. No connection could be made because the target machine actively refused it.. Trying again in 20.0 seconds...
[2025-08-22 22:43:58,335: ERROR/MainProcess] beat: Connection error: Error 10061 connecting to localhost:6379. No connection could be made because the target machine actively refused it.. Trying again in 22.0 seconds...
[2025-08-22 22:44:24,359: ERROR/MainProcess] beat: Connection error: Error 10061 connecting to localhost:6379. No connection could be made because the target machine actively refused it.. Trying again in 24.0 seconds...
[2025-08-22 22:44:52,418: ERROR/MainProcess] beat: Connection error: Error 10061 connecting to localhost:6379. No connection could be made because the target machine actively refused it.. Trying again in 26.0 seconds...
[2025-08-22 22:45:22,482: ERROR/MainProcess] beat: Connection error: Error 10061 connecting to localhost:6379. No connection could be made because the target machine actively refused it.. Trying again in 28.0 seconds...
[2025-08-22 22:45:54,506: ERROR/MainProcess] beat: Connection error: Error 10061 connecting to localhost:6379. No connection could be made because the target machine actively refused it.. Trying again in 30.0 seconds...
[2025-08-22 22:46:28,539: ERROR/MainProcess] beat: Connection error: Error 10061 connecting to localhost:6379. No connection could be made because the target machine actively refused it.. Trying again in 32.0 seconds...
[2025-08-22 22:47:04,579: ERROR/MainProcess] beat: Connection error: Error 10061 connecting to localhost:6379. No connection could be made because the target machine actively refused it.. Trying again in 32.0 seconds...
[2025-08-22 22:47:40,617: ERROR/MainProcess] beat: Connection error: Error 10061 connecting to localhost:6379. No connection could be made because the target machine actively refused it.. Trying again in 32.0 seconds...
[2025-08-22 22:48:16,657: ERROR/MainProcess] beat: Connection error: Error 10061 connecting to localhost:6379. No connection could be made because the target machine actively refused it.. Trying again in 32.0 seconds...
[2025-08-22 22:48:52,695: ERROR/MainProcess] beat: Connection error: Error 10061 connecting to localhost:6379. No connection could be made because the target machine actively refused it.. Trying again in 32.0 seconds...
[2025-08-22 22:49:28,760: ERROR/MainProcess] beat: Connection error: Error 10061 connecting to localhost:6379. No connection could be made because the target machine actively refused it.. Trying again in 32.0 seconds...
[2025-08-22 22:50:04,799: ERROR/MainProcess] beat: Connection error: Error 10061 connecting to localhost:6379. No connection could be made because the target machine actively refused it.. Trying again in 32.0 seconds...
[2025-08-22 22:50:40,827: ERROR/MainProcess] beat: Connection error: Error 10061 connecting to localhost:6379. No connection could be made because the target machine actively refused it.. Trying again in 32.0 seconds...
[2025-08-22 22:51:16,867: ERROR/MainProcess] beat: Connection error: Error 10061 connecting to localhost:6379. No connection could be made because the target machine actively refused it.. Trying again in 32.0 seconds...
[2025-08-22 22:51:52,888: ERROR/MainProcess] beat: Connection error: Error 10061 connecting to localhost:6379. No connection could be made because the target machine actively refused it.. Trying again in 32.0 seconds...
[2025-08-22 22:52:28,926: ERROR/MainProcess] beat: Connection error: Error 10061 connecting to localhost:6379. No connection could be made because the target machine actively refused it.. Trying again in 32.0 seconds...
[2025-08-22 22:53:04,966: ERROR/MainProcess] beat: Connection error: Error 10061 connecting to localhost:6379. No connection could be made because the target machine actively refused it.. Trying again in 32.0 seconds...
[2025-08-22 22:53:40,987: ERROR/MainProcess] beat: Connection error: Error 10061 connecting to localhost:6379. No connection could be made because the target machine actively refused it.. Trying again in 32.0 seconds...
[2025-08-22 22:54:17,030: ERROR/MainProcess] beat: Connection error: Error 10061 connecting to localhost:6379. No connection could be made because the target machine actively refused it.. Trying again in 32.0 seconds...
[2025-08-22 22:54:53,060: ERROR/MainProcess] beat: Connection error: Error 10061 connecting to localhost:6379. No connection could be made because the target machine actively refused it.. Trying again in 32.0 seconds...
[2025-08-22 22:55:29,104: ERROR/MainProcess] beat: Connection error: Error 10061 connecting to localhost:6379. No connection could be made because the target machine actively refused it.. Trying again in 32.0 seconds...
[2025-08-22 22:56:05,132: ERROR/MainProcess] beat: Connection error: Error 10061 connecting to localhost:6379. No connection could be made because the target machine actively refused it.. Trying again in 32.0 seconds...
[2025-08-22 22:56:41,163: ERROR/MainProcess] beat: Connection error: Error 10061 connecting to localhost:6379. No connection could be made because the target machine actively refused it.. Trying again in 32.0 seconds...
[2025-08-22 22:57:17,204: ERROR/MainProcess] beat: Connection error: Error 10061 connecting to localhost:6379. No connection could be made because the target machine actively refused it.. Trying again in 32.0 seconds...
[2025-08-22 22:57:53,242: ERROR/MainProcess] beat: Connection error: Error 10061 connecting to localhost:6379. No connection could be made because the target machine actively refused it.. Trying again in 32.0 seconds...
[2025-08-22 22:58:29,283: ERROR/MainProcess] beat: Connection error: Error 10061 connecting to localhost:6379. No connection could be made because the target machine actively refused it.. Trying again in 32.0 seconds...
[2025-08-22 22:59:05,315: ERROR/MainProcess] beat: Connection error: Error 10061 connecting to localhost:6379. No connection could be made because the target machine actively refused it.. Trying again in 32.0 seconds...
[2025-08-22 22:59:41,353: ERROR/MainProcess] beat: Connection error: Error 10061 connecting to localhost:6379. No connection could be made because the target machine actively refused it.. Trying again in 32.0 seconds...
[2025-08-22 23:00:17,383: ERROR/MainProcess] beat: Connection error: Error 10061 connecting to localhost:6379. No connection could be made because the target machine actively refused it.. Trying again in 32.0 seconds...
[2025-08-22 23:00:53,419: ERROR/MainProcess] beat: Connection error: Error 10061 connecting to localhost:6379. No connection could be made because the target machine actively refused it.. Trying again in 32.0 seconds...
[2025-08-22 23:01:29,457: ERROR/MainProcess] beat: Connection error: Error 10061 connecting to localhost:6379. No connection could be made because the target machine actively refused it.. Trying again in 32.0 seconds...
[2025-08-22 23:02:05,496: ERROR/MainProcess] beat: Connection error: Error 10061 connecting to localhost:6379. No connection could be made because the target machine actively refused it.. Trying again in 32.0 seconds...
[2025-08-22 23:02:41,531: ERROR/MainProcess] beat: Connection error: Error 10061 connecting to localhost:6379. No connection could be made because the target machine actively refused it.. Trying again in 32.0 seconds...
[2025-08-22 23:03:17,570: ERROR/MainProcess] beat: Connection error: Error 10061 connecting to localhost:6379. No connection could be made because the target machine actively refused it.. Trying again in 32.0 seconds...
[2025-08-22 23:03:53,613: ERROR/MainProcess] beat: Connection error: Error 10061 connecting to localhost:6379. No connection could be made because the target machine actively refused it.. Trying again in 32.0 seconds...
[2025-08-22 23:04:29,644: ERROR/MainProcess] beat: Connection error: Error 10061 connecting to localhost:6379. No connection could be made because the target machine actively refused it.. Trying again in 32.0 seconds...
[2025-08-22 23:05:05,681: ERROR/MainProcess] beat: Connection error: Error 10061 connecting to localhost:6379. No connection could be made because the target machine actively refused it.. Trying again in 32.0 seconds...
[2025-08-22 23:05:41,719: ERROR/MainProcess] beat: Connection error: Error 10061 connecting to localhost:6379. No connection could be made because the target machine actively refused it.. Trying again in 32.0 seconds...
[2025-08-22 23:06:17,762: ERROR/MainProcess] beat: Connection error: Error 10061 connecting to localhost:6379. No connection could be made because the target machine actively refused it.. Trying again in 32.0 seconds...
[2025-08-22 23:06:53,797: ERROR/MainProcess] beat: Connection error: Error 10061 connecting to localhost:6379. No connection could be made because the target machine actively refused it.. Trying again in 32.0 seconds...
[2025-08-22 23:07:29,833: ERROR/MainProcess] beat: Connection error: Error 10061 connecting to localhost:6379. No connection could be made because the target machine actively refused it.. Trying again in 32.0 seconds...
[2025-08-22 23:08:05,872: ERROR/MainProcess] beat: Connection error: Error 10061 connecting to localhost:6379. No connection could be made because the target machine actively refused it.. Trying again in 32.0 seconds...
[2025-08-22 23:08:41,899: ERROR/MainProcess] beat: Connection error: Error 10061 connecting to localhost:6379. No connection could be made because the target machine actively refused it.. Trying again in 32.0 seconds...
[2025-08-22 23:09:17,941: ERROR/MainProcess] beat: Connection error: Error 10061 connecting to localhost:6379. No connection could be made because the target machine actively refused it.. Trying again in 32.0 seconds...
[2025-08-22 23:09:53,994: ERROR/MainProcess] beat: Connection error: Error 10061 connecting to localhost:6379. No connection could be made because the target machine actively refused it.. Trying again in 32.0 seconds...
[2025-08-22 23:10:30,021: ERROR/MainProcess] beat: Connection error: Error 10061 connecting to localhost:6379. No connection could be made because the target machine actively refused it.. Trying again in 32.0 seconds...
[2025-08-22 23:11:06,050: ERROR/MainProcess] beat: Connection error: Error 10061 connecting to localhost:6379. No connection could be made because the target machine actively refused it.. Trying again in 32.0 seconds...
[2025-08-22 23:11:42,089: ERROR/MainProcess] beat: Connection error: Error 10061 connecting to localhost:6379. No connection could be made because the target machine actively refused it.. Trying again in 32.0 seconds...
[2025-08-22 23:12:18,121: ERROR/MainProcess] beat: Connection error: Error 10061 connecting to localhost:6379. No connection could be made because the target machine actively refused it.. Trying again in 32.0 seconds...
[2025-08-22 23:12:54,160: ERROR/MainProcess] beat: Connection error: Error 10061 connecting to localhost:6379. No connection could be made because the target machine actively refused it.. Trying again in 32.0 seconds...
[2025-08-22 23:13:30,197: ERROR/MainProcess] beat: Connection error: Error 10061 connecting to localhost:6379. No connection could be made because the target machine actively refused it.. Trying again in 32.0 seconds...
[2025-08-22 23:14:06,226: ERROR/MainProcess] beat: Connection error: Error 10061 connecting to localhost:6379. No connection could be made because the target machine actively refused it.. Trying again in 32.0 seconds...
[2025-08-22 23:14:42,266: ERROR/MainProcess] beat: Connection error: Error 10061 connecting to localhost:6379. No connection could be made because the target machine actively refused it.. Trying again in 32.0 seconds...
[2025-08-22 23:15:18,313: ERROR/MainProcess] beat: Connection error: Error 10061 connecting to localhost:6379. No connection could be made because the target machine actively refused it.. Trying again in 32.0 seconds...
[2025-08-22 23:15:54,347: ERROR/MainProcess] beat: Connection error: Error 10061 connecting to localhost:6379. No connection could be made because the target machine actively refused it.. Trying again in 32.0 seconds...
[2025-08-22 23:16:30,383: ERROR/MainProcess] beat: Connection error: Error 10061 connecting to localhost:6379. No connection could be made because the target machine actively refused it.. Trying again in 32.0 seconds...
[2025-08-22 23:17:06,417: ERROR/MainProcess] beat: Connection error: Error 10061 connecting to localhost:6379. No connection could be made because the target machine actively refused it.. Trying again in 32.0 seconds...
[2025-08-22 23:17:42,452: ERROR/MainProcess] beat: Connection error: Error 10061 connecting to localhost:6379. No connection could be made because the target machine actively refused it.. Trying again in 32.0 seconds...
[2025-08-22 23:18:18,479: ERROR/MainProcess] beat: Connection error: Error 10061 connecting to localhost:6379. No connection could be made because the target machine actively refused it.. Trying again in 32.0 seconds...
[2025-08-22 23:18:54,516: ERROR/MainProcess] beat: Connection error: Error 10061 connecting to localhost:6379. No connection could be made because the target machine actively refused it.. Trying again in 32.0 seconds...
[2025-08-22 23:19:30,555: ERROR/MainProcess] beat: Connection error: Error 10061 connecting to localhost:6379. No connection could be made because the target machine actively refused it.. Trying again in 32.0 seconds...
[2025-08-22 23:20:06,595: ERROR/MainProcess] beat: Connection error: Error 10061 connecting to localhost:6379. No connection could be made because the target machine actively refused it.. Trying again in 32.0 seconds...
[2025-08-22 23:20:42,632: ERROR/MainProcess] beat: Connection error: Error 10061 connecting to localhost:6379. No connection could be made because the target machine actively refused it.. Trying again in 32.0 seconds...
[2025-08-22 23:21:18,670: ERROR/MainProcess] beat: Connection error: Error 10061 connecting to localhost:6379. No connection could be made because the target machine actively refused it.. Trying again in 32.0 seconds...
[2025-08-22 23:21:54,710: ERROR/MainProcess] beat: Connection error: Error 10061 connecting to localhost:6379. No connection could be made because the target machine actively refused it.. Trying again in 32.0 seconds...
[2025-08-22 23:22:30,743: ERROR/MainProcess] beat: Connection error: Error 10061 connecting to localhost:6379. No connection could be made because the target machine actively refused it.. Trying again in 32.0 seconds...
[2025-08-22 23:23:06,785: ERROR/MainProcess] beat: Connection error: Error 10061 connecting to localhost:6379. No connection could be made because the target machine actively refused it.. Trying again in 32.0 seconds...
[2025-08-22 23:23:42,817: ERROR/MainProcess] beat: Connection error: Error 10061 connecting to localhost:6379. No connection could be made because the target machine actively refused it.. Trying again in 32.0 seconds...
[2025-08-22 23:24:18,854: ERROR/MainProcess] beat: Connection error: Error 10061 connecting to localhost:6379. No connection could be made because the target machine actively refused it.. Trying again in 32.0 seconds...
[2025-08-22 23:24:54,891: ERROR/MainProcess] beat: Connection error: Error 10061 connecting to localhost:6379. No connection could be made because the target machine actively refused it.. Trying again in 32.0 seconds...
[2025-08-22 23:25:30,927: ERROR/MainProcess] beat: Connection error: Error 10061 connecting to localhost:6379. No connection could be made because the target machine actively refused it.. Trying again in 32.0 seconds...
[2025-08-22 23:26:06,962: ERROR/MainProcess] beat: Connection error: Error 10061 connecting to localhost:6379. No connection could be made because the target machine actively refused it.. Trying again in 32.0 seconds...
[2025-08-22 23:26:42,994: ERROR/MainProcess] beat: Connection error: Error 10061 connecting to localhost:6379. No connection could be made because the target machine actively refused it.. Trying again in 32.0 seconds...
[2025-08-22 23:27:19,021: ERROR/MainProcess] beat: Connection error: Error 10061 connecting to localhost:6379. No connection could be made because the target machine actively refused it.. Trying again in 32.0 seconds...
[2025-08-22 23:27:55,047: ERROR/MainProcess] beat: Connection error: Error 10061 connecting to localhost:6379. No connection could be made because the target machine actively refused it.. Trying again in 32.0 seconds...
[2025-08-22 23:28:31,076: ERROR/MainProcess] beat: Connection error: Error 10061 connecting to localhost:6379. No connection could be made because the target machine actively refused it.. Trying again in 32.0 seconds...
[2025-08-22 23:29:07,115: ERROR/MainProcess] beat: Connection error: Error 10061 connecting to localhost:6379. No connection could be made because the target machine actively refused it.. Trying again in 32.0 seconds...
[2025-08-22 23:29:43,153: ERROR/MainProcess] beat: Connection error: Error 10061 connecting to localhost:6379. No connection could be made because the target machine actively refused it.. Trying again in 32.0 seconds...
[2025-08-22 23:30:19,191: ERROR/MainProcess] beat: Connection error: Error 10061 connecting to localhost:6379. No connection could be made because the target machine actively refused it.. Trying again in 32.0 seconds...
[2025-08-22 23:30:55,231: ERROR/MainProcess] beat: Connection error: Error 10061 connecting to localhost:6379. No connection could be made because the target machine actively refused it.. Trying again in 32.0 seconds...
[2025-08-22 23:31:31,273: ERROR/MainProcess] beat: Connection error: Error 10061 connecting to localhost:6379. No connection could be made because the target machine actively refused it.. Trying again in 32.0 seconds...
[2025-08-22 23:32:07,302: ERROR/MainProcess] beat: Connection error: Error 10061 connecting to localhost:6379. No connection could be made because the target machine actively refused it.. Trying again in 32.0 seconds...
[2025-08-22 23:32:43,339: ERROR/MainProcess] beat: Connection error: Error 10061 connecting to localhost:6379. No connection could be made because the target machine actively refused it.. Trying again in 32.0 seconds...
[2025-08-22 23:33:19,370: ERROR/MainProcess] beat: Connection error: Error 10061 connecting to localhost:6379. No connection could be made because the target machine actively refused it.. Trying again in 32.0 seconds...
[2025-08-22 23:33:55,406: ERROR/MainProcess] beat: Connection error: Error 10061 connecting to localhost:6379. No connection could be made because the target machine actively refused it.. Trying again in 32.0 seconds...
[2025-08-22 23:34:31,444: ERROR/MainProcess] beat: Connection error: Error 10061 connecting to localhost:6379. No connection could be made because the target machine actively refused it.. Trying again in 32.0 seconds...
[2025-08-22 23:35:07,484: ERROR/MainProcess] beat: Connection error: Error 10061 connecting to localhost:6379. No connection could be made because the target machine actively refused it.. Trying again in 32.0 seconds...
[2025-08-22 23:35:43,520: ERROR/MainProcess] beat: Connection error: Error 10061 connecting to localhost:6379. No connection could be made because the target machine actively refused it.. Trying again in 32.0 seconds...
[2025-08-22 23:36:19,555: ERROR/MainProcess] beat: Connection error: Error 10061 connecting to localhost:6379. No connection could be made because the target machine actively refused it.. Trying again in 32.0 seconds...
[2025-08-22 23:36:55,593: ERROR/MainProcess] beat: Connection error: Error 10061 connecting to localhost:6379. No connection could be made because the target machine actively refused it.. Trying again in 32.0 seconds...
[2025-08-22 23:37:31,638: CRITICAL/MainProcess] beat raised exception <class 'kombu.exceptions.OperationalError'>: OperationalError('Error 10061 connecting to localhost:6379. No connection could be made because the target machine actively refused it.')
Traceback (most recent call last):
  File "C:\Workspace\FrankTheLocalLLM-main\.venv\Lib\site-packages\kombu\transport\virtual\base.py", line 951, in create_channel
    return self._avail_channels.pop()
           ~~~~~~~~~~~~~~~~~~~~~~~~^^
IndexError: pop from empty list

During handling of the above exception, another exception occurred:

Traceback (most recent call last):
  File "C:\Workspace\FrankTheLocalLLM-main\.venv\Lib\site-packages\redis\connection.py", line 389, in connect_check_health
    sock = self.retry.call_with_retry(
        lambda: self._connect(), lambda error: self.disconnect(error)
    )
  File "C:\Workspace\FrankTheLocalLLM-main\.venv\Lib\site-packages\redis\retry.py", line 105, in call_with_retry
    return do()
  File "C:\Workspace\FrankTheLocalLLM-main\.venv\Lib\site-packages\redis\connection.py", line 390, in <lambda>
    lambda: self._connect(), lambda error: self.disconnect(error)
            ~~~~~~~~~~~~~^^
  File "C:\Workspace\FrankTheLocalLLM-main\.venv\Lib\site-packages\redis\connection.py", line 803, in _connect
    raise err
  File "C:\Workspace\FrankTheLocalLLM-main\.venv\Lib\site-packages\redis\connection.py", line 787, in _connect
    sock.connect(socket_address)
    ~~~~~~~~~~~~^^^^^^^^^^^^^^^^
ConnectionRefusedError: [WinError 10061] No connection could be made because the target machine actively refused it

During handling of the above exception, another exception occurred:

Traceback (most recent call last):
  File "C:\Workspace\FrankTheLocalLLM-main\.venv\Lib\site-packages\kombu\connection.py", line 472, in _reraise_as_library_errors
    yield
  File "C:\Workspace\FrankTheLocalLLM-main\.venv\Lib\site-packages\kombu\connection.py", line 459, in _ensure_connection
    return retry_over_time(
        self._connection_factory, self.recoverable_connection_errors,
    ...<2 lines>...
        callback, timeout=timeout
    )
  File "C:\Workspace\FrankTheLocalLLM-main\.venv\Lib\site-packages\kombu\utils\functional.py", line 318, in retry_over_time
    return fun(*args, **kwargs)
  File "C:\Workspace\FrankTheLocalLLM-main\.venv\Lib\site-packages\kombu\connection.py", line 938, in _connection_factory
    self._connection = self._establish_connection()
                       ~~~~~~~~~~~~~~~~~~~~~~~~~~^^
  File "C:\Workspace\FrankTheLocalLLM-main\.venv\Lib\site-packages\kombu\connection.py", line 860, in _establish_connection
    conn = self.transport.establish_connection()
  File "C:\Workspace\FrankTheLocalLLM-main\.venv\Lib\site-packages\kombu\transport\virtual\base.py", line 975, in establish_connection
    self._avail_channels.append(self.create_channel(self))
                                ~~~~~~~~~~~~~~~~~~~^^^^^^
  File "C:\Workspace\FrankTheLocalLLM-main\.venv\Lib\site-packages\kombu\transport\virtual\base.py", line 953, in create_channel
    channel = self.Channel(connection)
  File "C:\Workspace\FrankTheLocalLLM-main\.venv\Lib\site-packages\kombu\transport\redis.py", line 751, in __init__
    self.client.ping()
    ~~~~~~~~~~~~~~~~^^
  File "C:\Workspace\FrankTheLocalLLM-main\.venv\Lib\site-packages\redis\commands\core.py", line 1219, in ping
    return self.execute_command("PING", **kwargs)
           ~~~~~~~~~~~~~~~~~~~~^^^^^^^^^^^^^^^^^^
  File "C:\Workspace\FrankTheLocalLLM-main\.venv\Lib\site-packages\redis\client.py", line 621, in execute_command
    return self._execute_command(*args, **options)
           ~~~~~~~~~~~~~~~~~~~~~^^^^^^^^^^^^^^^^^^
  File "C:\Workspace\FrankTheLocalLLM-main\.venv\Lib\site-packages\redis\client.py", line 627, in _execute_command
    conn = self.connection or pool.get_connection()
                              ~~~~~~~~~~~~~~~~~~~^^
  File "C:\Workspace\FrankTheLocalLLM-main\.venv\Lib\site-packages\redis\utils.py", line 195, in wrapper
    return func(*args, **kwargs)
  File "C:\Workspace\FrankTheLocalLLM-main\.venv\Lib\site-packages\redis\connection.py", line 1533, in get_connection
    connection.connect()
    ~~~~~~~~~~~~~~~~~~^^
  File "C:\Workspace\FrankTheLocalLLM-main\.venv\Lib\site-packages\redis\connection.py", line 380, in connect
    self.connect_check_health(check_health=True)
    ~~~~~~~~~~~~~~~~~~~~~~~~~^^^^^^^^^^^^^^^^^^^
  File "C:\Workspace\FrankTheLocalLLM-main\.venv\Lib\site-packages\redis\connection.py", line 397, in connect_check_health
    raise ConnectionError(self._error_message(e))
redis.exceptions.ConnectionError: Error 10061 connecting to localhost:6379. No connection could be made because the target machine actively refused it.

The above exception was the direct cause of the following exception:

Traceback (most recent call last):
  File "C:\Workspace\FrankTheLocalLLM-main\.venv\Lib\site-packages\celery\apps\beat.py", line 113, in start_scheduler
    service.start()
    ~~~~~~~~~~~~~^^
  File "C:\Workspace\FrankTheLocalLLM-main\.venv\Lib\site-packages\celery\beat.py", line 644, in start
    interval = self.scheduler.tick()
  File "C:\Workspace\FrankTheLocalLLM-main\.venv\Lib\site-packages\celery\beat.py", line 354, in tick
    self.apply_entry(entry, producer=self.producer)
                                     ^^^^^^^^^^^^^
  File "C:\Workspace\FrankTheLocalLLM-main\.venv\Lib\site-packages\kombu\utils\objects.py", line 40, in __get__
    return super().__get__(instance, owner)
           ~~~~~~~~~~~~~~~^^^^^^^^^^^^^^^^^
  File "C:\Python313\Lib\functools.py", line 1042, in __get__
    val = self.func(instance)
  File "C:\Workspace\FrankTheLocalLLM-main\.venv\Lib\site-packages\celery\beat.py", line 497, in producer
    return self.Producer(self._ensure_connected(), auto_declare=False)
                         ~~~~~~~~~~~~~~~~~~~~~~^^
  File "C:\Workspace\FrankTheLocalLLM-main\.venv\Lib\site-packages\celery\beat.py", line 480, in _ensure_connected
    return self.connection.ensure_connection(
           ~~~~~~~~~~~~~~~~~~~~~~~~~~~~~~~~~^
        _error_handler, self.app.conf.broker_connection_max_retries
        ^^^^^^^^^^^^^^^^^^^^^^^^^^^^^^^^^^^^^^^^^^^^^^^^^^^^^^^^^^^
    )
    ^
  File "C:\Workspace\FrankTheLocalLLM-main\.venv\Lib\site-packages\kombu\connection.py", line 406, in ensure_connection
    self._ensure_connection(*args, **kwargs)
    ~~~~~~~~~~~~~~~~~~~~~~~^^^^^^^^^^^^^^^^^
  File "C:\Workspace\FrankTheLocalLLM-main\.venv\Lib\site-packages\kombu\connection.py", line 458, in _ensure_connection
    with ctx():
         ~~~^^
  File "C:\Python313\Lib\contextlib.py", line 162, in __exit__
    self.gen.throw(value)
    ~~~~~~~~~~~~~~^^^^^^^
  File "C:\Workspace\FrankTheLocalLLM-main\.venv\Lib\site-packages\kombu\connection.py", line 476, in _reraise_as_library_errors
    raise ConnectionError(str(exc)) from exc
kombu.exceptions.OperationalError: Error 10061 connecting to localhost:6379. No connection could be made because the target machine actively refused it.
[2025-08-22 23:37:31,652: WARNING/MainProcess] Traceback (most recent call last):
[2025-08-22 23:37:31,652: WARNING/MainProcess]   File "C:\Workspace\FrankTheLocalLLM-main\.venv\Lib\site-packages\kombu\transport\virtual\base.py", line 951, in create_channel
    return self._avail_channels.pop()
           ~~~~~~~~~~~~~~~~~~~~~~~~^^
[2025-08-22 23:37:31,652: WARNING/MainProcess] IndexError: pop from empty list
[2025-08-22 23:37:31,653: WARNING/MainProcess] 
During handling of the above exception, another exception occurred:
[2025-08-22 23:37:31,653: WARNING/MainProcess] Traceback (most recent call last):
[2025-08-22 23:37:31,654: WARNING/MainProcess]   File "C:\Workspace\FrankTheLocalLLM-main\.venv\Lib\site-packages\redis\connection.py", line 389, in connect_check_health
    sock = self.retry.call_with_retry(
        lambda: self._connect(), lambda error: self.disconnect(error)
    )
[2025-08-22 23:37:31,654: WARNING/MainProcess]   File "C:\Workspace\FrankTheLocalLLM-main\.venv\Lib\site-packages\redis\retry.py", line 105, in call_with_retry
    return do()
[2025-08-22 23:37:31,654: WARNING/MainProcess]   File "C:\Workspace\FrankTheLocalLLM-main\.venv\Lib\site-packages\redis\connection.py", line 390, in <lambda>
    lambda: self._connect(), lambda error: self.disconnect(error)
            ~~~~~~~~~~~~~^^
[2025-08-22 23:37:31,654: WARNING/MainProcess]   File "C:\Workspace\FrankTheLocalLLM-main\.venv\Lib\site-packages\redis\connection.py", line 803, in _connect
    raise err
[2025-08-22 23:37:31,655: WARNING/MainProcess]   File "C:\Workspace\FrankTheLocalLLM-main\.venv\Lib\site-packages\redis\connection.py", line 787, in _connect
    sock.connect(socket_address)
    ~~~~~~~~~~~~^^^^^^^^^^^^^^^^
[2025-08-22 23:37:31,655: WARNING/MainProcess] ConnectionRefusedError: [WinError 10061] No connection could be made because the target machine actively refused it
[2025-08-22 23:37:31,655: WARNING/MainProcess] 
During handling of the above exception, another exception occurred:
[2025-08-22 23:37:31,655: WARNING/MainProcess] Traceback (most recent call last):
[2025-08-22 23:37:31,656: WARNING/MainProcess]   File "C:\Workspace\FrankTheLocalLLM-main\.venv\Lib\site-packages\kombu\connection.py", line 472, in _reraise_as_library_errors
    yield
[2025-08-22 23:37:31,657: WARNING/MainProcess]   File "C:\Workspace\FrankTheLocalLLM-main\.venv\Lib\site-packages\kombu\connection.py", line 459, in _ensure_connection
    return retry_over_time(
        self._connection_factory, self.recoverable_connection_errors,
    ...<2 lines>...
        callback, timeout=timeout
    )
[2025-08-22 23:37:31,657: WARNING/MainProcess]   File "C:\Workspace\FrankTheLocalLLM-main\.venv\Lib\site-packages\kombu\utils\functional.py", line 318, in retry_over_time
    return fun(*args, **kwargs)
[2025-08-22 23:37:31,657: WARNING/MainProcess]   File "C:\Workspace\FrankTheLocalLLM-main\.venv\Lib\site-packages\kombu\connection.py", line 938, in _connection_factory
    self._connection = self._establish_connection()
                       ~~~~~~~~~~~~~~~~~~~~~~~~~~^^
[2025-08-22 23:37:31,657: WARNING/MainProcess]   File "C:\Workspace\FrankTheLocalLLM-main\.venv\Lib\site-packages\kombu\connection.py", line 860, in _establish_connection
    conn = self.transport.establish_connection()
[2025-08-22 23:37:31,657: WARNING/MainProcess]   File "C:\Workspace\FrankTheLocalLLM-main\.venv\Lib\site-packages\kombu\transport\virtual\base.py", line 975, in establish_connection
    self._avail_channels.append(self.create_channel(self))
                                ~~~~~~~~~~~~~~~~~~~^^^^^^
[2025-08-22 23:37:31,658: WARNING/MainProcess]   File "C:\Workspace\FrankTheLocalLLM-main\.venv\Lib\site-packages\kombu\transport\virtual\base.py", line 953, in create_channel
    channel = self.Channel(connection)
[2025-08-22 23:37:31,658: WARNING/MainProcess]   File "C:\Workspace\FrankTheLocalLLM-main\.venv\Lib\site-packages\kombu\transport\redis.py", line 751, in __init__
    self.client.ping()
    ~~~~~~~~~~~~~~~~^^
[2025-08-22 23:37:31,658: WARNING/MainProcess]   File "C:\Workspace\FrankTheLocalLLM-main\.venv\Lib\site-packages\redis\commands\core.py", line 1219, in ping
    return self.execute_command("PING", **kwargs)
           ~~~~~~~~~~~~~~~~~~~~^^^^^^^^^^^^^^^^^^
[2025-08-22 23:37:31,658: WARNING/MainProcess]   File "C:\Workspace\FrankTheLocalLLM-main\.venv\Lib\site-packages\redis\client.py", line 621, in execute_command
    return self._execute_command(*args, **options)
           ~~~~~~~~~~~~~~~~~~~~~^^^^^^^^^^^^^^^^^^
[2025-08-22 23:37:31,658: WARNING/MainProcess]   File "C:\Workspace\FrankTheLocalLLM-main\.venv\Lib\site-packages\redis\client.py", line 627, in _execute_command
    conn = self.connection or pool.get_connection()
                              ~~~~~~~~~~~~~~~~~~~^^
[2025-08-22 23:37:31,659: WARNING/MainProcess]   File "C:\Workspace\FrankTheLocalLLM-main\.venv\Lib\site-packages\redis\utils.py", line 195, in wrapper
    return func(*args, **kwargs)
[2025-08-22 23:37:31,659: WARNING/MainProcess]   File "C:\Workspace\FrankTheLocalLLM-main\.venv\Lib\site-packages\redis\connection.py", line 1533, in get_connection
    connection.connect()
    ~~~~~~~~~~~~~~~~~~^^
[2025-08-22 23:37:31,659: WARNING/MainProcess]   File "C:\Workspace\FrankTheLocalLLM-main\.venv\Lib\site-packages\redis\connection.py", line 380, in connect
    self.connect_check_health(check_health=True)
    ~~~~~~~~~~~~~~~~~~~~~~~~~^^^^^^^^^^^^^^^^^^^
[2025-08-22 23:37:31,659: WARNING/MainProcess]   File "C:\Workspace\FrankTheLocalLLM-main\.venv\Lib\site-packages\redis\connection.py", line 397, in connect_check_health
    raise ConnectionError(self._error_message(e))
[2025-08-22 23:37:31,659: WARNING/MainProcess] redis.exceptions.ConnectionError: Error 10061 connecting to localhost:6379. No connection could be made because the target machine actively refused it.
[2025-08-22 23:37:31,659: WARNING/MainProcess] 
The above exception was the direct cause of the following exception:
[2025-08-22 23:37:31,659: WARNING/MainProcess] Traceback (most recent call last):
[2025-08-22 23:37:31,661: WARNING/MainProcess]   File "<frozen runpy>", line 198, in _run_module_as_main
[2025-08-22 23:37:31,661: WARNING/MainProcess]   File "<frozen runpy>", line 88, in _run_code
[2025-08-22 23:37:31,661: WARNING/MainProcess]   File "C:\Workspace\FrankTheLocalLLM-main\.venv\Scripts\celery.exe\__main__.py", line 6, in <module>
    sys.exit(main())
             ~~~~^^
[2025-08-22 23:37:31,661: WARNING/MainProcess]   File "C:\Workspace\FrankTheLocalLLM-main\.venv\Lib\site-packages\celery\__main__.py", line 15, in main
    sys.exit(_main())
             ~~~~~^^
[2025-08-22 23:37:31,661: WARNING/MainProcess]   File "C:\Workspace\FrankTheLocalLLM-main\.venv\Lib\site-packages\celery\bin\celery.py", line 231, in main
    return celery(auto_envvar_prefix="CELERY")
[2025-08-22 23:37:31,662: WARNING/MainProcess]   File "C:\Workspace\FrankTheLocalLLM-main\.venv\Lib\site-packages\click\core.py", line 1442, in __call__
    return self.main(*args, **kwargs)
           ~~~~~~~~~^^^^^^^^^^^^^^^^^
[2025-08-22 23:37:31,662: WARNING/MainProcess]   File "C:\Workspace\FrankTheLocalLLM-main\.venv\Lib\site-packages\click\core.py", line 1363, in main
    rv = self.invoke(ctx)
[2025-08-22 23:37:31,662: WARNING/MainProcess]   File "C:\Workspace\FrankTheLocalLLM-main\.venv\Lib\site-packages\click\core.py", line 1830, in invoke
    return _process_result(sub_ctx.command.invoke(sub_ctx))
                           ~~~~~~~~~~~~~~~~~~~~~~^^^^^^^^^
[2025-08-22 23:37:31,662: WARNING/MainProcess]   File "C:\Workspace\FrankTheLocalLLM-main\.venv\Lib\site-packages\click\core.py", line 1226, in invoke
    return ctx.invoke(self.callback, **ctx.params)
           ~~~~~~~~~~^^^^^^^^^^^^^^^^^^^^^^^^^^^^^
[2025-08-22 23:37:31,662: WARNING/MainProcess]   File "C:\Workspace\FrankTheLocalLLM-main\.venv\Lib\site-packages\click\core.py", line 794, in invoke
    return callback(*args, **kwargs)
[2025-08-22 23:37:31,662: WARNING/MainProcess]   File "C:\Workspace\FrankTheLocalLLM-main\.venv\Lib\site-packages\click\decorators.py", line 34, in new_func
    return f(get_current_context(), *args, **kwargs)
[2025-08-22 23:37:31,662: WARNING/MainProcess]   File "C:\Workspace\FrankTheLocalLLM-main\.venv\Lib\site-packages\celery\bin\base.py", line 135, in caller
    return f(ctx, *args, **kwargs)
[2025-08-22 23:37:31,662: WARNING/MainProcess]   File "C:\Workspace\FrankTheLocalLLM-main\.venv\Lib\site-packages\celery\bin\beat.py", line 72, in beat
    return beat().run()
           ~~~~~~~~~~^^
[2025-08-22 23:37:31,663: WARNING/MainProcess]   File "C:\Workspace\FrankTheLocalLLM-main\.venv\Lib\site-packages\celery\apps\beat.py", line 84, in run
    self.start_scheduler()
    ~~~~~~~~~~~~~~~~~~~~^^
[2025-08-22 23:37:31,663: WARNING/MainProcess]   File "C:\Workspace\FrankTheLocalLLM-main\.venv\Lib\site-packages\celery\apps\beat.py", line 113, in start_scheduler
    service.start()
    ~~~~~~~~~~~~~^^
[2025-08-22 23:37:31,663: WARNING/MainProcess]   File "C:\Workspace\FrankTheLocalLLM-main\.venv\Lib\site-packages\celery\beat.py", line 644, in start
    interval = self.scheduler.tick()
[2025-08-22 23:37:31,663: WARNING/MainProcess]   File "C:\Workspace\FrankTheLocalLLM-main\.venv\Lib\site-packages\celery\beat.py", line 354, in tick
    self.apply_entry(entry, producer=self.producer)
                                     ^^^^^^^^^^^^^
[2025-08-22 23:37:31,663: WARNING/MainProcess]   File "C:\Workspace\FrankTheLocalLLM-main\.venv\Lib\site-packages\kombu\utils\objects.py", line 40, in __get__
    return super().__get__(instance, owner)
           ~~~~~~~~~~~~~~~^^^^^^^^^^^^^^^^^
[2025-08-22 23:37:31,663: WARNING/MainProcess]   File "C:\Python313\Lib\functools.py", line 1042, in __get__
    val = self.func(instance)
[2025-08-22 23:37:31,663: WARNING/MainProcess]   File "C:\Workspace\FrankTheLocalLLM-main\.venv\Lib\site-packages\celery\beat.py", line 497, in producer
    return self.Producer(self._ensure_connected(), auto_declare=False)
                         ~~~~~~~~~~~~~~~~~~~~~~^^
[2025-08-22 23:37:31,663: WARNING/MainProcess]   File "C:\Workspace\FrankTheLocalLLM-main\.venv\Lib\site-packages\celery\beat.py", line 480, in _ensure_connected
    return self.connection.ensure_connection(
           ~~~~~~~~~~~~~~~~~~~~~~~~~~~~~~~~~^
        _error_handler, self.app.conf.broker_connection_max_retries
        ^^^^^^^^^^^^^^^^^^^^^^^^^^^^^^^^^^^^^^^^^^^^^^^^^^^^^^^^^^^
    )
    ^
[2025-08-22 23:37:31,663: WARNING/MainProcess]   File "C:\Workspace\FrankTheLocalLLM-main\.venv\Lib\site-packages\kombu\connection.py", line 406, in ensure_connection
    self._ensure_connection(*args, **kwargs)
    ~~~~~~~~~~~~~~~~~~~~~~~^^^^^^^^^^^^^^^^^
[2025-08-22 23:37:31,664: WARNING/MainProcess]   File "C:\Workspace\FrankTheLocalLLM-main\.venv\Lib\site-packages\kombu\connection.py", line 458, in _ensure_connection
    with ctx():
         ~~~^^
[2025-08-22 23:37:31,664: WARNING/MainProcess]   File "C:\Python313\Lib\contextlib.py", line 162, in __exit__
    self.gen.throw(value)
    ~~~~~~~~~~~~~~^^^^^^^
[2025-08-22 23:37:31,664: WARNING/MainProcess]   File "C:\Workspace\FrankTheLocalLLM-main\.venv\Lib\site-packages\kombu\connection.py", line 476, in _reraise_as_library_errors
    raise ConnectionError(str(exc)) from exc
[2025-08-22 23:37:31,664: WARNING/MainProcess] kombu.exceptions.OperationalError: Error 10061 connecting to localhost:6379. No connection could be made because the target machine actively refused it.
